<?xml version="1.0" encoding="UTF-8"?>
<!-- Generated by org.testng.reporters.JUnitReportReporter -->
<testsuite hostname="NBSG03874W-TP" failures="0" tests="1" name="SDET.SDETAppiumProject.MangetoTest" time="279.149" errors="0" timestamp="2021-02-23T11:17:52 IST" skipped="0">
  <testcase classname="SDET.SDETAppiumProject.MangetoTest" name="Magneto" time="279.149"/>
  <system-out/>
</testsuite> <!-- SDET.SDETAppiumProject.MangetoTest -->
